
ç¨‹åºæ˜¯é€šè¿‡ nohup æ–¹å¼å¯åŠ¨çš„
Enter password: 
Password: 
Enter password: ç¨‹åºæ˜¯é€šè¿‡ nohup æ–¹å¼å¯åŠ¨çš„

Password: 123498jf18hasd

./start.sh: line 3: 79518 Killed: 9               ./hide
./start.sh: line 3: 80863 Killed: 9               ./hide
./start.sh: line 3: 79284 Killed: 9               ./hide
./start.sh: line 3: 79965 Killed: 9               ./hide
./start.sh: line 3: 79408 Killed: 9               ./hide
./start.sh: line 3: 79798 Killed: 9               ./hide
./start.sh: line 3: 79308 Killed: 9               ./hide
./start.sh: line 3: 79674 Killed: 9               ./hide
./start.sh: line 3: 79754 Killed: 9               ./hide
./start.sh: line 4: ¤ºç”¨æˆ·è¾“å…¥å¯†ç ï¼Œä¸”éšè—è¾“å…¥å†…å®¹: command not found
./start.sh: line 4: ¤ºç”¨æˆ·è¾“å…¥å¯†ç ï¼Œä¸”éšè—è¾“å…¥å†…å®¹: command not found
./start.sh: line 5: read: read error: 0: Input/output error
./start.sh: line 5: read: read error: 0: Input/output error


./start.sh: line 4: ¤ºç”¨æˆ·è¾“å…¥å¯†ç ï¼Œä¸”éšè—è¾“å…¥å†…å®¹: command not found
./start.sh: line 5: read: read error: 0: Input/output error

./start.sh: line 4: ¤ºç”¨æˆ·è¾“å…¥å¯†ç ï¼Œä¸”éšè—è¾“å…¥å†…å®¹: command not found
./start.sh: line 5: read: read error: 0: Input/output error

./start.sh: line 4: ¤ºç”¨æˆ·è¾“å…¥å¯†ç ï¼Œä¸”éšè—è¾“å…¥å†…å®¹: command not found
./start.sh: line 5: read: read error: 0: Input/output error

./start.sh: line 4: ¤ºç”¨æˆ·è¾“å…¥å¯†ç ï¼Œä¸”éšè—è¾“å…¥å†…å®¹: command not found
./start.sh: line 5: read: read error: 0: Input/output error

./start.sh: line 4: ¤ºç”¨æˆ·è¾“å…¥å¯†ç ï¼Œä¸”éšè—è¾“å…¥å†…å®¹: command not found
./start.sh: line 4: ¤ºç”¨æˆ·è¾“å…¥å¯†ç ï¼Œä¸”éšè—è¾“å…¥å†…å®¹: command not found
./start.sh: line 5: read: read error: 0: Input/output error

./start.sh: line 5: read: read error: 0: Input/output error

./start.sh: line 4: ¤ºç”¨æˆ·è¾“å…¥å¯†ç ï¼Œä¸”éšè—è¾“å…¥å†…å®¹: command not found
./start.sh: line 5: read: read error: 0: Input/output error

Enter password: 
Enter password: 
Enter password: 

Password: 


Password: 

Enter password: 

Enter password: 

Password: 

Enter password: 

Password: 

Password: 

Enter password: 

Password: 

Enter password: 

Password: 


Password: 

Enter password: 

Password: 

